2025-05-31 15:35:23 - Neovide panicked with the message 'Failed to resize buffers: Error { code: HRESULT(0x887A0001), message: "The application made a call that is invalid. Either the parameters of the call or the state of some object was incorrect.\r\nEnable the D3D debug layer in order to see details via debug messages." }'. (File: src\renderer\d3d.rs; Line: 440, Column: 18)
   0: <unknown>
   1: <unknown>
   2: <unknown>
   3: <unknown>
   4: <unknown>
   5: <unknown>
   6: <unknown>
   7: <unknown>
   8: <unknown>
   9: <unknown>
  10: <unknown>
  11: <unknown>
  12: <unknown>
  13: <unknown>
  14: <unknown>
  15: DispatchMessageW
  16: SendMessageW
  17: GetDlgCtrlID
  18: GetDlgCtrlID
  19: ThemeInitApiHook
  20: ThemeInitApiHook
  21: GetDlgCtrlID
  22: <unknown>
  23: DispatchMessageW
  24: DispatchMessageW
  25: TranslateAcceleratorW
  26: KiUserCallbackDispatcher
  27: NtUserGetMessage
  28: GetMessageW
  29: <unknown>
  30: <unknown>
  31: <unknown>
  32: <unknown>
  33: <unknown>
  34: BaseThreadInitThunk
  35: RtlUserThreadStart

